<?xml version="1.0" encoding="UTF-8"?>
<testsuite name="SimpleBankSystemTest" tests="1" skipped="0" failures="0" errors="0" timestamp="2021-05-09T20:11:52" hostname="DESKTOP-LA84M1O" time="2.809">
  <properties/>
  <testcase name="start" classname="SimpleBankSystemTest" time="2.809"/>
  <system-out><![CDATA[?[1;31m
Start test 1?[0m
1. Create an account
2. Log into account
0. Exit
> 0
Bye!
?[1;31m
Start test 2?[0m
1. Create an account
2. Log into account
0. Exit
> 0
Bye!
?[1;31m
Start test 3?[0m
1. Create an account
2. Log into account
0. Exit
> 0
Bye!
?[1;31m
Start test 4?[0m
1. Create an account
2. Log into account
0. Exit
> 0
Bye!
?[1;31m
Start test 5?[0m
1. Create an account
2. Log into account
0. Exit
> 1
Your card has been created
Your card number:
4000007945855663
Your card PIN:
5072
1. Create an account
2. Log into account
0. Exit
> 1
Your card has been created
Your card number:
4000003151127111
Your card PIN:
0514
1. Create an account
2. Log into account
0. Exit
> 1
Your card has been created
Your card number:
4000006512377671
Your card PIN:
6627
1. Create an account
2. Log into account
0. Exit
> 1
Your card has been created
Your card number:
4000002796939161
Your card PIN:
9470
1. Create an account
2. Log into account
0. Exit
> 1
Your card has been created
Your card number:
4000001185472024
Your card PIN:
3788
1. Create an account
2. Log into account
0. Exit
> 0
Bye!
4000007945855663
4000003151127111
4000006512377671
4000002796939161
4000001185472024
?[1;31m
Start test 6?[0m
1. Create an account
2. Log into account
0. Exit
> 1
Your card has been created
Your card number:
4000005351999678
Your card PIN:
3327
1. Create an account
2. Log into account
0. Exit
> 2
Enter your card number:
> 4000005351999678
Enter your PIN:
> 3327
You have successfully logged in!
1. Balance
2. Log out
0. Exit
> 0
Bye!
?[1;31m
Start test 7?[0m
1. Create an account
2. Log into account
0. Exit
> 1
Your card has been created
Your card number:
4000000886572249
Your card PIN:
0736
1. Create an account
2. Log into account
0. Exit
> 2
Enter your card number:
> 4000000886572249
Enter your PIN:
> 5844
Wrong card number or PIN!
1. Create an account
2. Log into account
0. Exit
> 0
Bye!
?[1;31m
Start test 8?[0m
1. Create an account
2. Log into account
0. Exit
> 1
Your card has been created
Your card number:
4000004310635218
Your card PIN:
9742
1. Create an account
2. Log into account
0. Exit
> 2
Enter your card number:
> 400000373387221
Enter your PIN:
> 9742
Wrong card number or PIN!
1. Create an account
2. Log into account
0. Exit
> 0
Bye!
?[1;31m
Start test 9?[0m
1. Create an account
2. Log into account
0. Exit
> 1
Your card has been created
Your card number:
4000004081548566
Your card PIN:
4294
1. Create an account
2. Log into account
0. Exit
> 2
Enter your card number:
> 4000004081548566
Enter your PIN:
> 4294
You have successfully logged in!
1. Balance
2. Log out
0. Exit
> 1
0
1. Balance
2. Log out
0. Exit
> 0
Bye!
]]></system-out>
  <system-err><![CDATA[]]></system-err>
</testsuite>
