<?xml version="1.0" encoding="UTF-8"?>
<testsuite name="SimpleBankSystemTest" tests="1" skipped="0" failures="0" errors="0" timestamp="2021-05-07T14:48:53" hostname="DESKTOP-LA84M1O" time="0.584">
  <properties/>
  <testcase name="start" classname="SimpleBankSystemTest" time="0.584"/>
  <system-out><![CDATA[?[1;31m
Start test 1?[0m
1. Create an account
2. Log into account
0. Exit
> 1
Your card has been created
Your card number:
4000008588785037
Your card PIN:
6090
1. Create an account
2. Log into account
0. Exit
> 1
Your card has been created
Your card number:
4000002061236715
Your card PIN:
3790
1. Create an account
2. Log into account
0. Exit
> 0
?[1;31m
Start test 2?[0m
1. Create an account
2. Log into account
0. Exit
> 1
Your card has been created
Your card number:
4000004338867738
Your card PIN:
0728
1. Create an account
2. Log into account
0. Exit
> 2
Enter your card number:
> 4000004338867738
Enter your PIN:
> 0728
You have successfully logged in!
1. Balance
2. Log out
0. Exit
> 2
1. Create an account
2. Log into account
0. Exit
> 0
?[1;31m
Start test 3?[0m
1. Create an account
2. Log into account
0. Exit
> 1
Your card has been created
Your card number:
4000001948111857
Your card PIN:
0228
1. Create an account
2. Log into account
0. Exit
> 2
Enter your card number:
> 4000001948111857
Enter your PIN:
> 9251
Wrong card number or PIN!
1. Create an account
2. Log into account
0. Exit
> 0
?[1;31m
Start test 4?[0m
1. Create an account
2. Log into account
0. Exit
> 1
Your card has been created
Your card number:
4000003172681439
Your card PIN:
9173
1. Create an account
2. Log into account
0. Exit
> 2
Enter your card number:
> 400000205409675
Enter your PIN:
> 9173
Wrong card number or PIN!
1. Create an account
2. Log into account
0. Exit
?[1;31m
Start test 5?[0m
1. Create an account
2. Log into account
0. Exit
> 1
Your card has been created
Your card number:
4000006641596701
Your card PIN:
4476
1. Create an account
2. Log into account
0. Exit
> 2
Enter your card number:
> 4000006641596701
Enter your PIN:
> 4476
You have successfully logged in!
1. Balance
2. Log out
0. Exit
> 1
0
1. Balance
2. Log out
0. Exit
> 0
]]></system-out>
  <system-err><![CDATA[]]></system-err>
</testsuite>
